c:\school\p4\p4-engine\minigin\win32\debug\vc143.pdb
c:\school\p4\p4-engine\minigin\win32\debug\vc143.idb
c:\school\p4\p4-engine\minigin\win32\debug\imgui_widgets.obj
c:\school\p4\p4-engine\minigin\win32\debug\imgui_tables.obj
c:\school\p4\p4-engine\minigin\win32\debug\imgui_impl_sdl.obj
c:\school\p4\p4-engine\minigin\win32\debug\imgui_impl_opengl2.obj
c:\school\p4\p4-engine\minigin\win32\debug\imgui_draw.obj
c:\school\p4\p4-engine\minigin\win32\debug\imgui_demo.obj
c:\school\p4\p4-engine\minigin\win32\debug\imgui.obj
c:\school\p4\p4-engine\minigin\win32\debug\testcomponent.obj
c:\school\p4\p4-engine\minigin\win32\debug\soundmanager.obj
c:\school\p4\p4-engine\minigin\win32\debug\scenemanager.obj
c:\school\p4\p4-engine\minigin\win32\debug\sceneconstructor.obj
c:\school\p4\p4-engine\minigin\win32\debug\scene.obj
c:\school\p4\p4-engine\minigin\win32\debug\resourcemanager.obj
c:\school\p4\p4-engine\minigin\win32\debug\renderer.obj
c:\school\p4\p4-engine\minigin\win32\debug\rendercomponent.obj
c:\school\p4\p4-engine\minigin\win32\debug\playercontroller.obj
c:\school\p4\p4-engine\minigin\win32\debug\minigin.obj
c:\school\p4\p4-engine\minigin\win32\debug\main.obj
c:\school\p4\p4-engine\minigin\win32\debug\inputmanager.obj
c:\school\p4\p4-engine\minigin\win32\debug\gameobject.obj
c:\school\p4\p4-engine\minigin\win32\debug\fpscomponent.obj
c:\school\p4\p4-engine\minigin\win32\debug\font.obj
c:\school\p4\p4-engine\minigin\win32\debug\eventmanager.obj
c:\school\p4\p4-engine\minigin\win32\debug\component.obj
c:\school\p4\p4-engine\minigin\win32\debug\command.obj
c:\school\p4\p4-engine\minigin\win32\debug\collider.obj
c:\school\p4\p4-engine\minigin\win32\debug\burgercomponent.obj
c:\school\p4\p4-engine\minigin\win32\debug\transform.obj
c:\school\p4\p4-engine\minigin\win32\debug\texture2d.obj
c:\school\p4\p4-engine\minigin\win32\debug\uimanager.obj
c:\school\p4\p4-engine\minigin\win32\debug\minigin.pch
c:\school\p4\p4-engine\minigin\win32\debug\miniginpch.obj
c:\school\p4\p4-engine\win32\debug\minigin.exe
c:\school\p4\p4-engine\minigin\win32\debug\minigin.ilk
c:\school\p4\p4-engine\win32\debug\minigin.pdb
c:\school\p4\p4-engine\minigin\win32\debug\minigin.tlog\cl.command.1.tlog
c:\school\p4\p4-engine\minigin\win32\debug\minigin.tlog\cl.read.1.tlog
c:\school\p4\p4-engine\minigin\win32\debug\minigin.tlog\cl.write.1.tlog
c:\school\p4\p4-engine\minigin\win32\debug\minigin.tlog\link.command.1.tlog
c:\school\p4\p4-engine\minigin\win32\debug\minigin.tlog\link.read.1.tlog
c:\school\p4\p4-engine\minigin\win32\debug\minigin.tlog\link.write.1.tlog
